<?xml version="1.0" encoding="UTF-8"?>
<testsuite name="com.trimblecars.AdminServiceTest" tests="2" skipped="0" failures="0" errors="0" timestamp="2025-05-06T10:47:14" hostname="LAPTOP-CN4S0RBA" time="0.13">
  <properties/>
  <testcase name="testUpdateCar()" classname="com.trimblecars.AdminServiceTest" time="0.116"/>
  <testcase name="testGetAllCars()" classname="com.trimblecars.AdminServiceTest" time="0.008"/>
  <system-out><![CDATA[16:17:09.016 [Test worker] INFO org.springframework.test.context.support.AnnotationConfigContextLoaderUtils -- Could not detect default configuration classes for test class [com.trimblecars.AdminServiceTest]: AdminServiceTest does not declare any static, non-private, non-final, nested classes annotated with @Configuration.
16:17:09.161 [Test worker] INFO org.springframework.boot.test.context.SpringBootTestContextBootstrapper -- Found @SpringBootConfiguration com.trimblecars.TrimbleCarsApplication for test class com.trimblecars.AdminServiceTest

  .   ____          _            __ _ _
 /\\ / ___'_ __ _ _(_)_ __  __ _ \ \ \ \
( ( )\___ | '_ | '_| | '_ \/ _` | \ \ \ \
 \\/  ___)| |_)| | | | | || (_| |  ) ) ) )
  '  |____| .__|_| |_|_| |_\__, | / / / /
 =========|_|==============|___/=/_/_/_/
 :: Spring Boot ::                (v3.2.5)

2025-05-06T16:17:09.596+05:30  INFO 23260 --- [    Test worker] com.trimblecars.AdminServiceTest         : Starting AdminServiceTest using Java 17.0.8 with PID 23260 (started by Ramya K in C:\Users\Ramya K\Downloads\trimble-cars)
2025-05-06T16:17:09.596+05:30  INFO 23260 --- [    Test worker] com.trimblecars.AdminServiceTest         : No active profile set, falling back to 1 default profile: "default"
2025-05-06T16:17:10.374+05:30  INFO 23260 --- [    Test worker] .s.d.r.c.RepositoryConfigurationDelegate : Bootstrapping Spring Data JPA repositories in DEFAULT mode.
2025-05-06T16:17:10.462+05:30  INFO 23260 --- [    Test worker] .s.d.r.c.RepositoryConfigurationDelegate : Finished Spring Data repository scanning in 78 ms. Found 4 JPA repository interfaces.
2025-05-06T16:17:10.988+05:30  INFO 23260 --- [    Test worker] o.hibernate.jpa.internal.util.LogHelper  : HHH000204: Processing PersistenceUnitInfo [name: default]
2025-05-06T16:17:11.080+05:30  INFO 23260 --- [    Test worker] org.hibernate.Version                    : HHH000412: Hibernate ORM core version 6.4.4.Final
2025-05-06T16:17:11.119+05:30  INFO 23260 --- [    Test worker] o.h.c.internal.RegionFactoryInitiator    : HHH000026: Second-level cache disabled
2025-05-06T16:17:11.431+05:30  INFO 23260 --- [    Test worker] o.s.o.j.p.SpringPersistenceUnitInfo      : No LoadTimeWeaver setup: ignoring JPA class transformer
2025-05-06T16:17:11.484+05:30  INFO 23260 --- [    Test worker] com.zaxxer.hikari.HikariDataSource       : HikariPool-1 - Starting...
2025-05-06T16:17:11.663+05:30  INFO 23260 --- [    Test worker] com.zaxxer.hikari.pool.HikariPool        : HikariPool-1 - Added connection conn0: url=jdbc:h2:mem:testdb user=SA
2025-05-06T16:17:11.663+05:30  INFO 23260 --- [    Test worker] com.zaxxer.hikari.HikariDataSource       : HikariPool-1 - Start completed.
2025-05-06T16:17:11.674+05:30  WARN 23260 --- [    Test worker] org.hibernate.orm.deprecation            : HHH90000025: H2Dialect does not need to be specified explicitly using 'hibernate.dialect' (remove the property setting and it will be selected by default)
2025-05-06T16:17:12.438+05:30  INFO 23260 --- [    Test worker] o.h.e.t.j.p.i.JtaPlatformInitiator       : HHH000489: No JTA platform available (set 'hibernate.transaction.jta.platform' to enable JTA platform integration)
Hibernate: 
    create table car (
        id bigint generated by default as identity,
        model varchar(255),
        owner_id bigint,
        registration_number varchar(255),
        status varchar(255) check (status in ('IDEAL','ON_LEASE','ON_SERVICE')),
        variant varchar(255),
        primary key (id)
    )
Hibernate: 
    create table lease (
        id bigint generated by default as identity,
        car_id bigint,
        customer_id bigint,
        end_date date,
        start_date date,
        primary key (id)
    )
Hibernate: 
    create table lease_history (
        id bigint generated by default as identity,
        car_id bigint,
        lease_end_date varchar(255),
        lease_start_date varchar(255),
        status varchar(255),
        user_id bigint,
        primary key (id)
    )
Hibernate: 
    create table "user" (
        id bigint generated by default as identity,
        email varchar(255),
        name varchar(255),
        role varchar(255) check (role in ('CAR_OWNER','END_CUSTOMER','ADMIN')),
        primary key (id)
    )
2025-05-06T16:17:12.502+05:30  INFO 23260 --- [    Test worker] j.LocalContainerEntityManagerFactoryBean : Initialized JPA EntityManagerFactory for persistence unit 'default'
2025-05-06T16:17:13.115+05:30  WARN 23260 --- [    Test worker] JpaBaseConfiguration$JpaWebConfiguration : spring.jpa.open-in-view is enabled by default. Therefore, database queries may be performed during view rendering. Explicitly configure spring.jpa.open-in-view to disable this warning
2025-05-06T16:17:13.566+05:30  INFO 23260 --- [    Test worker] o.s.b.a.h2.H2ConsoleAutoConfiguration    : H2 console available at '/h2-console'. Database available at 'jdbc:h2:mem:testdb'
2025-05-06T16:17:13.655+05:30  INFO 23260 --- [    Test worker] com.trimblecars.AdminServiceTest         : Started AdminServiceTest in 4.315 seconds (process running for 5.553)
2025-05-06T16:17:14.417+05:30  INFO 23260 --- [    Test worker] com.trimblecars.service.AdminService     : Admin updating car: Car(id=1, model=Model X, variant=Variant A, registrationNumber=123ABC, status=IDEAL, ownerId=1001)
2025-05-06T16:17:14.489+05:30  INFO 23260 --- [    Test worker] com.trimblecars.service.AdminService     : Admin fetching all cars
]]></system-out>
  <system-err><![CDATA[]]></system-err>
</testsuite>
